  Esfera.cpp
c:\users\ivan-\onedrive\escritorio\universidad\segundo curso\programacion avanzada\proyecto 18-10-18 - copia - copia - copia - copia\base\base\esfera.cpp(5): warning C4244: 'argumento': conversión de 'double' a 'GLfloat'; posible pérdida de datos
c:\users\ivan-\onedrive\escritorio\universidad\segundo curso\programacion avanzada\proyecto 18-10-18 - copia - copia - copia - copia\base\base\esfera.cpp(5): warning C4244: 'argumento': conversión de 'const double' a 'GLfloat'; posible pérdida de datos
c:\users\ivan-\onedrive\escritorio\universidad\segundo curso\programacion avanzada\proyecto 18-10-18 - copia - copia - copia - copia\base\base\esfera.cpp(7): warning C4244: 'argumento': conversión de 'double' a 'GLfloat'; posible pérdida de datos
c:\users\ivan-\onedrive\escritorio\universidad\segundo curso\programacion avanzada\proyecto 18-10-18 - copia - copia - copia - copia\base\base\esfera.cpp(7): warning C4244: 'argumento': conversión de 'const double' a 'GLfloat'; posible pérdida de datos
  SOLIDO.cpp
  Vector3D.cpp
  camara.cpp
c:\users\ivan-\onedrive\escritorio\universidad\segundo curso\programacion avanzada\proyecto 18-10-18 - copia - copia - copia - copia\base\base\camara.h(21): warning C4244: 'argumento': conversión de 'double' a 'GLfloat'; posible pérdida de datos
c:\users\ivan-\onedrive\escritorio\universidad\segundo curso\programacion avanzada\proyecto 18-10-18 - copia - copia - copia - copia\base\base\camara.h(21): warning C4244: 'argumento': conversión de 'const double' a 'GLfloat'; posible pérdida de datos
c:\users\ivan-\onedrive\escritorio\universidad\segundo curso\programacion avanzada\proyecto 18-10-18 - copia - copia - copia - copia\base\base\camara.h(22): warning C4244: 'argumento': conversión de 'const double' a 'GLfloat'; posible pérdida de datos
c:\users\ivan-\onedrive\escritorio\universidad\segundo curso\programacion avanzada\proyecto 18-10-18 - copia - copia - copia - copia\base\base\camara.h(23): warning C4244: 'argumento': conversión de 'double' a 'GLfloat'; posible pérdida de datos
c:\users\ivan-\onedrive\escritorio\universidad\segundo curso\programacion avanzada\proyecto 18-10-18 - copia - copia - copia - copia\base\base\camara.h(24): warning C4244: 'argumento': conversión de 'double' a 'GLfloat'; posible pérdida de datos
c:\users\ivan-\onedrive\escritorio\universidad\segundo curso\programacion avanzada\proyecto 18-10-18 - copia - copia - copia - copia\base\base\camara.h(40): warning C4244: 'argumento': conversión de 'const double' a 'GLfloat'; posible pérdida de datos
c:\users\ivan-\onedrive\escritorio\universidad\segundo curso\programacion avanzada\proyecto 18-10-18 - copia - copia - copia - copia\base\base\camara.h(41): warning C4244: 'argumento': conversión de 'double' a 'GLfloat'; posible pérdida de datos
c:\users\ivan-\onedrive\escritorio\universidad\segundo curso\programacion avanzada\proyecto 18-10-18 - copia - copia - copia - copia\base\base\camara.h(42): warning C4244: 'argumento': conversión de 'double' a 'GLfloat'; posible pérdida de datos
c:\users\ivan-\onedrive\escritorio\universidad\segundo curso\programacion avanzada\proyecto 18-10-18 - copia - copia - copia - copia\base\base\camara.h(43): warning C4244: 'argumento': conversión de 'double' a 'GLfloat'; posible pérdida de datos
c:\users\ivan-\onedrive\escritorio\universidad\segundo curso\programacion avanzada\proyecto 18-10-18 - copia - copia - copia - copia\base\base\camara.h(43): warning C4244: 'argumento': conversión de 'const double' a 'GLfloat'; posible pérdida de datos
  cilindro.cpp
c:\users\ivan-\onedrive\escritorio\universidad\segundo curso\programacion avanzada\proyecto 18-10-18 - copia - copia - copia - copia\base\base\cilindro.cpp(5): warning C4244: '=': conversión de 'double' a 'float'; posible pérdida de datos
c:\users\ivan-\onedrive\escritorio\universidad\segundo curso\programacion avanzada\proyecto 18-10-18 - copia - copia - copia - copia\base\base\cilindro.cpp(6): warning C4244: '=': conversión de 'double' a 'float'; posible pérdida de datos
c:\users\ivan-\onedrive\escritorio\universidad\segundo curso\programacion avanzada\proyecto 18-10-18 - copia - copia - copia - copia\base\base\cilindro.cpp(11): warning C4244: 'argumento': conversión de 'double' a 'GLfloat'; posible pérdida de datos
c:\users\ivan-\onedrive\escritorio\universidad\segundo curso\programacion avanzada\proyecto 18-10-18 - copia - copia - copia - copia\base\base\cilindro.cpp(11): warning C4244: 'argumento': conversión de 'const double' a 'GLfloat'; posible pérdida de datos
c:\users\ivan-\onedrive\escritorio\universidad\segundo curso\programacion avanzada\proyecto 18-10-18 - copia - copia - copia - copia\base\base\cilindro.cpp(13): warning C4244: 'argumento': conversión de 'double' a 'GLfloat'; posible pérdida de datos
c:\users\ivan-\onedrive\escritorio\universidad\segundo curso\programacion avanzada\proyecto 18-10-18 - copia - copia - copia - copia\base\base\cilindro.cpp(13): warning C4244: 'argumento': conversión de 'const double' a 'GLfloat'; posible pérdida de datos
  compuesto.cpp
  cubo.cpp
c:\users\ivan-\onedrive\escritorio\universidad\segundo curso\programacion avanzada\proyecto 18-10-18 - copia - copia - copia - copia\base\base\cubo.cpp(4): warning C4244: 'argumento': conversión de 'double' a 'GLfloat'; posible pérdida de datos
c:\users\ivan-\onedrive\escritorio\universidad\segundo curso\programacion avanzada\proyecto 18-10-18 - copia - copia - copia - copia\base\base\cubo.cpp(4): warning C4244: 'argumento': conversión de 'const double' a 'GLfloat'; posible pérdida de datos
c:\users\ivan-\onedrive\escritorio\universidad\segundo curso\programacion avanzada\proyecto 18-10-18 - copia - copia - copia - copia\base\base\cubo.cpp(6): warning C4244: 'argumento': conversión de 'double' a 'GLfloat'; posible pérdida de datos
c:\users\ivan-\onedrive\escritorio\universidad\segundo curso\programacion avanzada\proyecto 18-10-18 - copia - copia - copia - copia\base\base\cubo.cpp(6): warning C4244: 'argumento': conversión de 'const double' a 'GLfloat'; posible pérdida de datos
  escena.cpp
  main.cpp
c:\users\ivan-\onedrive\escritorio\universidad\segundo curso\programacion avanzada\proyecto 18-10-18 - copia - copia - copia - copia\base\base\camara.h(21): warning C4244: 'argumento': conversión de 'double' a 'GLfloat'; posible pérdida de datos
c:\users\ivan-\onedrive\escritorio\universidad\segundo curso\programacion avanzada\proyecto 18-10-18 - copia - copia - copia - copia\base\base\camara.h(21): warning C4244: 'argumento': conversión de 'const double' a 'GLfloat'; posible pérdida de datos
c:\users\ivan-\onedrive\escritorio\universidad\segundo curso\programacion avanzada\proyecto 18-10-18 - copia - copia - copia - copia\base\base\camara.h(22): warning C4244: 'argumento': conversión de 'const double' a 'GLfloat'; posible pérdida de datos
c:\users\ivan-\onedrive\escritorio\universidad\segundo curso\programacion avanzada\proyecto 18-10-18 - copia - copia - copia - copia\base\base\camara.h(23): warning C4244: 'argumento': conversión de 'double' a 'GLfloat'; posible pérdida de datos
c:\users\ivan-\onedrive\escritorio\universidad\segundo curso\programacion avanzada\proyecto 18-10-18 - copia - copia - copia - copia\base\base\camara.h(24): warning C4244: 'argumento': conversión de 'double' a 'GLfloat'; posible pérdida de datos
c:\users\ivan-\onedrive\escritorio\universidad\segundo curso\programacion avanzada\proyecto 18-10-18 - copia - copia - copia - copia\base\base\camara.h(40): warning C4244: 'argumento': conversión de 'const double' a 'GLfloat'; posible pérdida de datos
c:\users\ivan-\onedrive\escritorio\universidad\segundo curso\programacion avanzada\proyecto 18-10-18 - copia - copia - copia - copia\base\base\camara.h(41): warning C4244: 'argumento': conversión de 'double' a 'GLfloat'; posible pérdida de datos
c:\users\ivan-\onedrive\escritorio\universidad\segundo curso\programacion avanzada\proyecto 18-10-18 - copia - copia - copia - copia\base\base\camara.h(42): warning C4244: 'argumento': conversión de 'double' a 'GLfloat'; posible pérdida de datos
c:\users\ivan-\onedrive\escritorio\universidad\segundo curso\programacion avanzada\proyecto 18-10-18 - copia - copia - copia - copia\base\base\camara.h(43): warning C4244: 'argumento': conversión de 'double' a 'GLfloat'; posible pérdida de datos
c:\users\ivan-\onedrive\escritorio\universidad\segundo curso\programacion avanzada\proyecto 18-10-18 - copia - copia - copia - copia\base\base\camara.h(43): warning C4244: 'argumento': conversión de 'const double' a 'GLfloat'; posible pérdida de datos
c:\users\ivan-\onedrive\escritorio\universidad\segundo curso\programacion avanzada\proyecto 18-10-18 - copia - copia - copia - copia\base\base\pared.h(18): warning C4244: 'argumento': conversión de 'double' a 'GLfloat'; posible pérdida de datos
c:\users\ivan-\onedrive\escritorio\universidad\segundo curso\programacion avanzada\proyecto 18-10-18 - copia - copia - copia - copia\base\base\pared.h(18): warning C4244: 'argumento': conversión de 'const double' a 'GLfloat'; posible pérdida de datos
c:\users\ivan-\onedrive\escritorio\universidad\segundo curso\programacion avanzada\proyecto 18-10-18 - copia - copia - copia - copia\base\base\pared.h(19): warning C4244: 'argumento': conversión de 'double' a 'GLfloat'; posible pérdida de datos
c:\users\ivan-\onedrive\escritorio\universidad\segundo curso\programacion avanzada\proyecto 18-10-18 - copia - copia - copia - copia\base\base\pared.h(20): warning C4244: 'argumento': conversión de 'int' a 'GLfloat'; posible pérdida de datos
c:\users\ivan-\onedrive\escritorio\universidad\segundo curso\programacion avanzada\proyecto 18-10-18 - copia - copia - copia - copia\base\base\pared.h(21): warning C4244: 'argumento': conversión de 'double' a 'GLfloat'; posible pérdida de datos
c:\users\ivan-\onedrive\escritorio\universidad\segundo curso\programacion avanzada\proyecto 18-10-18 - copia - copia - copia - copia\base\base\pared.h(21): warning C4244: 'argumento': conversión de 'const double' a 'GLfloat'; posible pérdida de datos
c:\users\ivan-\onedrive\escritorio\universidad\segundo curso\programacion avanzada\proyecto 18-10-18 - copia - copia - copia - copia\base\base\pared.h(22): warning C4244: 'argumento': conversión de 'double' a 'GLfloat'; posible pérdida de datos
c:\users\ivan-\onedrive\escritorio\universidad\segundo curso\programacion avanzada\proyecto 18-10-18 - copia - copia - copia - copia\base\base\pared.h(22): warning C4244: 'argumento': conversión de 'const double' a 'GLfloat'; posible pérdida de datos
c:\users\ivan-\onedrive\escritorio\universidad\segundo curso\programacion avanzada\proyecto 18-10-18 - copia - copia - copia - copia\base\base\main.cpp(72): warning C4244: 'argumento': conversión de 'double' a 'GLfloat'; posible pérdida de datos
c:\users\ivan-\onedrive\escritorio\universidad\segundo curso\programacion avanzada\proyecto 18-10-18 - copia - copia - copia - copia\base\base\main.cpp(113): warning C4101: 'cl': variable local sin referencia
c:\users\ivan-\onedrive\escritorio\universidad\segundo curso\programacion avanzada\proyecto 18-10-18 - copia - copia - copia - copia\base\base\main.cpp(370): warning C4101: 'z': variable local sin referencia
c:\users\ivan-\onedrive\escritorio\universidad\segundo curso\programacion avanzada\proyecto 18-10-18 - copia - copia - copia - copia\base\base\main.cpp(370): warning C4101: 'y': variable local sin referencia
c:\users\ivan-\onedrive\escritorio\universidad\segundo curso\programacion avanzada\proyecto 18-10-18 - copia - copia - copia - copia\base\base\main.cpp(370): warning C4101: 'x': variable local sin referencia
  toro.cpp
c:\users\ivan-\onedrive\escritorio\universidad\segundo curso\programacion avanzada\proyecto 18-10-18 - copia - copia - copia - copia\base\base\toro.cpp(4): warning C4244: 'argumento': conversión de 'double' a 'GLfloat'; posible pérdida de datos
c:\users\ivan-\onedrive\escritorio\universidad\segundo curso\programacion avanzada\proyecto 18-10-18 - copia - copia - copia - copia\base\base\toro.cpp(4): warning C4244: 'argumento': conversión de 'const double' a 'GLfloat'; posible pérdida de datos
c:\users\ivan-\onedrive\escritorio\universidad\segundo curso\programacion avanzada\proyecto 18-10-18 - copia - copia - copia - copia\base\base\toro.cpp(6): warning C4244: 'argumento': conversión de 'double' a 'GLfloat'; posible pérdida de datos
c:\users\ivan-\onedrive\escritorio\universidad\segundo curso\programacion avanzada\proyecto 18-10-18 - copia - copia - copia - copia\base\base\toro.cpp(6): warning C4244: 'argumento': conversión de 'const double' a 'GLfloat'; posible pérdida de datos
  Generando código...
  Base.vcxproj -> C:\Users\ivan-\OneDrive\Escritorio\universidad\segundo curso\programacion avanzada\Proyecto 18-10-18 - copia - copia - copia - copia\Base\Debug\Base.exe
