  main.cpp
c:\users\iván\desktop\uni\segundo curso\programacion avanzada\proyecto 18-10-18 - copia - copia - copia - copia - copia - copia\base\base\camara.h(21): warning C4244: 'argumento': conversión de 'double' a 'GLfloat'; posible pérdida de datos
c:\users\iván\desktop\uni\segundo curso\programacion avanzada\proyecto 18-10-18 - copia - copia - copia - copia - copia - copia\base\base\camara.h(21): warning C4244: 'argumento': conversión de 'const double' a 'GLfloat'; posible pérdida de datos
c:\users\iván\desktop\uni\segundo curso\programacion avanzada\proyecto 18-10-18 - copia - copia - copia - copia - copia - copia\base\base\camara.h(22): warning C4244: 'argumento': conversión de 'const double' a 'GLfloat'; posible pérdida de datos
c:\users\iván\desktop\uni\segundo curso\programacion avanzada\proyecto 18-10-18 - copia - copia - copia - copia - copia - copia\base\base\camara.h(23): warning C4244: 'argumento': conversión de 'double' a 'GLfloat'; posible pérdida de datos
c:\users\iván\desktop\uni\segundo curso\programacion avanzada\proyecto 18-10-18 - copia - copia - copia - copia - copia - copia\base\base\camara.h(24): warning C4244: 'argumento': conversión de 'double' a 'GLfloat'; posible pérdida de datos
c:\users\iván\desktop\uni\segundo curso\programacion avanzada\proyecto 18-10-18 - copia - copia - copia - copia - copia - copia\base\base\camara.h(40): warning C4244: 'argumento': conversión de 'const double' a 'GLfloat'; posible pérdida de datos
c:\users\iván\desktop\uni\segundo curso\programacion avanzada\proyecto 18-10-18 - copia - copia - copia - copia - copia - copia\base\base\camara.h(41): warning C4244: 'argumento': conversión de 'double' a 'GLfloat'; posible pérdida de datos
c:\users\iván\desktop\uni\segundo curso\programacion avanzada\proyecto 18-10-18 - copia - copia - copia - copia - copia - copia\base\base\camara.h(42): warning C4244: 'argumento': conversión de 'double' a 'GLfloat'; posible pérdida de datos
c:\users\iván\desktop\uni\segundo curso\programacion avanzada\proyecto 18-10-18 - copia - copia - copia - copia - copia - copia\base\base\camara.h(43): warning C4244: 'argumento': conversión de 'double' a 'GLfloat'; posible pérdida de datos
c:\users\iván\desktop\uni\segundo curso\programacion avanzada\proyecto 18-10-18 - copia - copia - copia - copia - copia - copia\base\base\camara.h(43): warning C4244: 'argumento': conversión de 'const double' a 'GLfloat'; posible pérdida de datos
c:\users\iván\desktop\uni\segundo curso\programacion avanzada\proyecto 18-10-18 - copia - copia - copia - copia - copia - copia\base\base\pared.h(18): warning C4244: 'argumento': conversión de 'double' a 'GLfloat'; posible pérdida de datos
c:\users\iván\desktop\uni\segundo curso\programacion avanzada\proyecto 18-10-18 - copia - copia - copia - copia - copia - copia\base\base\pared.h(18): warning C4244: 'argumento': conversión de 'const double' a 'GLfloat'; posible pérdida de datos
c:\users\iván\desktop\uni\segundo curso\programacion avanzada\proyecto 18-10-18 - copia - copia - copia - copia - copia - copia\base\base\pared.h(19): warning C4244: 'argumento': conversión de 'double' a 'GLfloat'; posible pérdida de datos
c:\users\iván\desktop\uni\segundo curso\programacion avanzada\proyecto 18-10-18 - copia - copia - copia - copia - copia - copia\base\base\pared.h(20): warning C4244: 'argumento': conversión de 'int' a 'GLfloat'; posible pérdida de datos
c:\users\iván\desktop\uni\segundo curso\programacion avanzada\proyecto 18-10-18 - copia - copia - copia - copia - copia - copia\base\base\pared.h(21): warning C4244: 'argumento': conversión de 'double' a 'GLfloat'; posible pérdida de datos
c:\users\iván\desktop\uni\segundo curso\programacion avanzada\proyecto 18-10-18 - copia - copia - copia - copia - copia - copia\base\base\pared.h(21): warning C4244: 'argumento': conversión de 'const double' a 'GLfloat'; posible pérdida de datos
c:\users\iván\desktop\uni\segundo curso\programacion avanzada\proyecto 18-10-18 - copia - copia - copia - copia - copia - copia\base\base\pared.h(22): warning C4244: 'argumento': conversión de 'double' a 'GLfloat'; posible pérdida de datos
c:\users\iván\desktop\uni\segundo curso\programacion avanzada\proyecto 18-10-18 - copia - copia - copia - copia - copia - copia\base\base\pared.h(22): warning C4244: 'argumento': conversión de 'const double' a 'GLfloat'; posible pérdida de datos
c:\users\iván\desktop\uni\segundo curso\programacion avanzada\proyecto 18-10-18 - copia - copia - copia - copia - copia - copia\base\base\plano.h(11): warning C4244: 'inicializando': conversión de 'const double' a 'float'; posible pérdida de datos
c:\users\iván\desktop\uni\segundo curso\programacion avanzada\proyecto 18-10-18 - copia - copia - copia - copia - copia - copia\base\base\plano.h(11): warning C4244: 'inicializando': conversión de 'double' a 'float'; posible pérdida de datos
c:\users\iván\desktop\uni\segundo curso\programacion avanzada\proyecto 18-10-18 - copia - copia - copia - copia - copia - copia\base\base\triangulo.h(16): warning C4244: 'argumento': conversión de 'const double' a 'float'; posible pérdida de datos
c:\users\iván\desktop\uni\segundo curso\programacion avanzada\proyecto 18-10-18 - copia - copia - copia - copia - copia - copia\base\base\triangulo.h(17): warning C4244: 'argumento': conversión de 'double' a 'float'; posible pérdida de datos
c:\users\iván\desktop\uni\segundo curso\programacion avanzada\proyecto 18-10-18 - copia - copia - copia - copia - copia - copia\base\base\triangulo.h(18): warning C4244: 'argumento': conversión de 'double' a 'float'; posible pérdida de datos
c:\users\iván\desktop\uni\segundo curso\programacion avanzada\proyecto 18-10-18 - copia - copia - copia - copia - copia - copia\base\base\triangulo.h(19): warning C4244: 'argumento': conversión de 'double' a 'float'; posible pérdida de datos
c:\users\iván\desktop\uni\segundo curso\programacion avanzada\proyecto 18-10-18 - copia - copia - copia - copia - copia - copia\base\base\triangulo.h(23): warning C4244: 'argumento': conversión de 'const double' a 'float'; posible pérdida de datos
c:\users\iván\desktop\uni\segundo curso\programacion avanzada\proyecto 18-10-18 - copia - copia - copia - copia - copia - copia\base\base\triangulo.h(24): warning C4244: 'argumento': conversión de 'double' a 'float'; posible pérdida de datos
c:\users\iván\desktop\uni\segundo curso\programacion avanzada\proyecto 18-10-18 - copia - copia - copia - copia - copia - copia\base\base\triangulo.h(25): warning C4244: 'argumento': conversión de 'double' a 'float'; posible pérdida de datos
c:\users\iván\desktop\uni\segundo curso\programacion avanzada\proyecto 18-10-18 - copia - copia - copia - copia - copia - copia\base\base\triangulo.h(26): warning C4244: 'argumento': conversión de 'double' a 'float'; posible pérdida de datos
c:\users\iván\desktop\uni\segundo curso\programacion avanzada\proyecto 18-10-18 - copia - copia - copia - copia - copia - copia\base\base\triangulo.h(21): warning C4101: 'e': variable local sin referencia
c:\users\iván\desktop\uni\segundo curso\programacion avanzada\proyecto 18-10-18 - copia - copia - copia - copia - copia - copia\base\base\triangulo.h(44): warning C4244: 'argumento': conversión de 'const double' a 'GLfloat'; posible pérdida de datos
c:\users\iván\desktop\uni\segundo curso\programacion avanzada\proyecto 18-10-18 - copia - copia - copia - copia - copia - copia\base\base\triangulo.h(44): warning C4244: 'argumento': conversión de 'double' a 'GLfloat'; posible pérdida de datos
c:\users\iván\desktop\uni\segundo curso\programacion avanzada\proyecto 18-10-18 - copia - copia - copia - copia - copia - copia\base\base\triangulo.h(46): warning C4244: 'inicializando': conversión de 'const double' a 'float'; posible pérdida de datos
c:\users\iván\desktop\uni\segundo curso\programacion avanzada\proyecto 18-10-18 - copia - copia - copia - copia - copia - copia\base\base\triangulo.h(47): warning C4244: 'inicializando': conversión de 'double' a 'float'; posible pérdida de datos
c:\users\iván\desktop\uni\segundo curso\programacion avanzada\proyecto 18-10-18 - copia - copia - copia - copia - copia - copia\base\base\triangulo.h(48): warning C4244: 'inicializando': conversión de 'double' a 'float'; posible pérdida de datos
c:\users\iván\desktop\uni\segundo curso\programacion avanzada\proyecto 18-10-18 - copia - copia - copia - copia - copia - copia\base\base\triangulo.h(51): warning C4244: 'argumento': conversión de 'const double' a 'GLfloat'; posible pérdida de datos
c:\users\iván\desktop\uni\segundo curso\programacion avanzada\proyecto 18-10-18 - copia - copia - copia - copia - copia - copia\base\base\triangulo.h(51): warning C4244: 'argumento': conversión de 'double' a 'GLfloat'; posible pérdida de datos
c:\users\iván\desktop\uni\segundo curso\programacion avanzada\proyecto 18-10-18 - copia - copia - copia - copia - copia - copia\base\base\triangulo.h(53): warning C4244: 'argumento': conversión de 'const double' a 'GLfloat'; posible pérdida de datos
c:\users\iván\desktop\uni\segundo curso\programacion avanzada\proyecto 18-10-18 - copia - copia - copia - copia - copia - copia\base\base\triangulo.h(53): warning C4244: 'argumento': conversión de 'double' a 'GLfloat'; posible pérdida de datos
c:\users\iván\desktop\uni\segundo curso\programacion avanzada\proyecto 18-10-18 - copia - copia - copia - copia - copia - copia\base\base\triangulo.h(55): warning C4244: 'argumento': conversión de 'const double' a 'GLfloat'; posible pérdida de datos
c:\users\iván\desktop\uni\segundo curso\programacion avanzada\proyecto 18-10-18 - copia - copia - copia - copia - copia - copia\base\base\triangulo.h(55): warning C4244: 'argumento': conversión de 'double' a 'GLfloat'; posible pérdida de datos
c:\users\iván\desktop\uni\segundo curso\programacion avanzada\proyecto 18-10-18 - copia - copia - copia - copia - copia - copia\base\base\main.cpp(74): warning C4244: 'argumento': conversión de 'double' a 'GLfloat'; posible pérdida de datos
c:\users\iván\desktop\uni\segundo curso\programacion avanzada\proyecto 18-10-18 - copia - copia - copia - copia - copia - copia\base\base\main.cpp(115): warning C4101: 'cl': variable local sin referencia
c:\users\iván\desktop\uni\segundo curso\programacion avanzada\proyecto 18-10-18 - copia - copia - copia - copia - copia - copia\base\base\main.cpp(375): warning C4101: 'z': variable local sin referencia
c:\users\iván\desktop\uni\segundo curso\programacion avanzada\proyecto 18-10-18 - copia - copia - copia - copia - copia - copia\base\base\main.cpp(375): warning C4101: 'y': variable local sin referencia
c:\users\iván\desktop\uni\segundo curso\programacion avanzada\proyecto 18-10-18 - copia - copia - copia - copia - copia - copia\base\base\main.cpp(375): warning C4101: 'x': variable local sin referencia
main.obj : error LNK2019: símbolo externo "public: __thiscall Plano::Plano(void)" (??0Plano@@QAE@XZ) sin resolver al que se hace referencia en la función "public: __thiscall Triangulo::Triangulo(class Vector3D,class Vector3D,class Vector3D)" (??0Triangulo@@QAE@VVector3D@@00@Z)
main.obj : error LNK2019: símbolo externo "public: virtual __thiscall Plano::~Plano(void)" (??1Plano@@UAE@XZ) sin resolver al que se hace referencia en la función __unwindfunclet$??0Triangulo@@QAE@ABV0@@Z$0
C:\Users\Iván\Desktop\uni\segundo curso\programacion avanzada\Proyecto 18-10-18 - copia - copia - copia - copia - copia - copia\Base\Debug\Base.exe : fatal error LNK1120: 2 externos sin resolver
